0 verbose cli C:\Program Files\nodejs\node.exe C:\Users\Udit Sharma\AppData\Roaming\npm\node_modules\npm\bin\npm-cli.js
1 info using npm@10.8.0
2 info using node@v21.6.0
3 silly config load:file:C:\Users\Udit Sharma\AppData\Roaming\npm\node_modules\npm\npmrc
4 silly config load:file:C:\Users\Udit Sharma\Desktop\react learn\redux\firstrock\.npmrc
5 silly config load:file:C:\Users\Udit Sharma\.npmrc
6 silly config load:file:C:\Users\Udit Sharma\AppData\Roaming\npm\etc\npmrc
7 verbose title npm install @testing-library/jest-dom@^5.14.1 @testing-library/react@^13.0.0 @testing-library/user-event@^13.2.1 web-vitals@^2.1.0
8 verbose argv "install" "--no-audit" "--save" "@testing-library/jest-dom@^5.14.1" "@testing-library/react@^13.0.0" "@testing-library/user-event@^13.2.1" "web-vitals@^2.1.0"
9 verbose logfile logs-max:10 dir:C:\Users\Udit Sharma\Desktop\react learn\redux\_logs\2024-05-16T14_27_14_102Z-
10 verbose logfile C:\Users\Udit Sharma\Desktop\react learn\redux\_logs\2024-05-16T14_27_14_102Z-debug-0.log
11 silly packumentCache heap:2197815296 maxSize:549453824 maxEntrySize:274726912
12 silly logfile start cleaning logs, removing 2 files
13 silly logfile done cleaning log files
14 silly idealTree buildDeps
15 silly fetch manifest @testing-library/jest-dom@^5.14.1
16 silly packumentCache full:https://registry.npmjs.org/@testing-library%2fjest-dom cache-miss
17 http fetch GET https://registry.npmjs.org/@testing-library%2fjest-dom attempt 1 failed with ETIMEDOUT
18 http fetch GET 200 https://registry.npmjs.org/@testing-library%2fjest-dom 81355ms attempt #2 (cache miss)
19 silly packumentCache full:https://registry.npmjs.org/@testing-library%2fjest-dom set size:undefined disposed:false
20 silly fetch manifest @testing-library/react@^13.0.0
21 silly packumentCache full:https://registry.npmjs.org/@testing-library%2freact cache-miss
22 http fetch GET 200 https://registry.npmjs.org/@testing-library%2freact 194ms (cache miss)
23 silly packumentCache full:https://registry.npmjs.org/@testing-library%2freact set size:undefined disposed:false
24 silly fetch manifest react@^18.3.1
25 silly packumentCache full:https://registry.npmjs.org/react cache-miss
26 http fetch GET 200 https://registry.npmjs.org/react 98ms (cache revalidated)
27 silly packumentCache full:https://registry.npmjs.org/react set size:6182822 disposed:false
28 silly fetch manifest react-dom@^18.3.1
29 silly packumentCache full:https://registry.npmjs.org/react-dom cache-miss
30 http fetch GET 200 https://registry.npmjs.org/react-dom 81ms (cache revalidated)
31 silly packumentCache full:https://registry.npmjs.org/react-dom set size:7005096 disposed:false
32 silly fetch manifest @testing-library/user-event@^13.2.1
33 silly packumentCache full:https://registry.npmjs.org/@testing-library%2fuser-event cache-miss
34 http fetch GET 200 https://registry.npmjs.org/@testing-library%2fuser-event 198ms (cache miss)
35 silly packumentCache full:https://registry.npmjs.org/@testing-library%2fuser-event set size:undefined disposed:false
36 silly fetch manifest @testing-library/dom@>=7.21.4
37 silly packumentCache full:https://registry.npmjs.org/@testing-library%2fdom cache-miss
38 http fetch GET 200 https://registry.npmjs.org/@testing-library%2fdom 158ms (cache miss)
39 silly packumentCache full:https://registry.npmjs.org/@testing-library%2fdom set size:undefined disposed:false
40 silly fetch manifest web-vitals@^2.1.0
41 silly packumentCache full:https://registry.npmjs.org/web-vitals cache-miss
42 http fetch GET 200 https://registry.npmjs.org/web-vitals 171ms (cache miss)
43 silly packumentCache full:https://registry.npmjs.org/web-vitals set size:undefined disposed:false
44 silly placeDep ROOT @testing-library/jest-dom@5.17.0 OK for: firstrock@0.1.0 want: ^5.14.1
45 silly placeDep ROOT @testing-library/react@13.4.0 OK for: firstrock@0.1.0 want: ^13.0.0
46 silly placeDep ROOT @testing-library/user-event@13.5.0 OK for: firstrock@0.1.0 want: ^13.2.1
47 silly placeDep ROOT @testing-library/dom@10.1.0 OK for: @testing-library/user-event@13.5.0 want: >=7.21.4
48 silly placeDep ROOT web-vitals@2.1.4 OK for: firstrock@0.1.0 want: ^2.1.0
49 silly fetch manifest @types/testing-library__jest-dom@^5.9.1
50 silly packumentCache full:https://registry.npmjs.org/@types%2ftesting-library__jest-dom cache-miss
51 silly fetch manifest chalk@^3.0.0
52 silly packumentCache full:https://registry.npmjs.org/chalk cache-miss
53 silly fetch manifest @adobe/css-tools@^4.0.1
54 silly packumentCache full:https://registry.npmjs.org/@adobe%2fcss-tools cache-miss
55 silly fetch manifest css.escape@^1.5.1
56 silly packumentCache full:https://registry.npmjs.org/css.escape cache-miss
57 silly fetch manifest dom-accessibility-api@^0.5.6
58 silly packumentCache full:https://registry.npmjs.org/dom-accessibility-api cache-miss
59 silly fetch manifest redent@^3.0.0
60 silly packumentCache full:https://registry.npmjs.org/redent cache-miss
61 silly fetch manifest @testing-library/dom@^8.5.0
62 silly packumentCache full:https://registry.npmjs.org/@testing-library%2fdom cache-miss
63 http fetch GET 200 https://registry.npmjs.org/@testing-library%2fdom 133ms (cache hit)
64 silly packumentCache full:https://registry.npmjs.org/@testing-library%2fdom set size:2555328 disposed:false
65 silly fetch manifest @types/react-dom@^18.0.0
66 silly packumentCache full:https://registry.npmjs.org/@types%2freact-dom cache-miss
67 http fetch GET 200 https://registry.npmjs.org/@types%2ftesting-library__jest-dom 243ms (cache miss)
68 silly packumentCache full:https://registry.npmjs.org/@types%2ftesting-library__jest-dom set size:undefined disposed:false
69 silly fetch manifest @types/aria-query@^5.0.1
70 silly packumentCache full:https://registry.npmjs.org/@types%2faria-query cache-miss
71 http fetch GET 200 https://registry.npmjs.org/chalk 301ms (cache revalidated)
72 silly packumentCache full:https://registry.npmjs.org/chalk set size:141416 disposed:false
73 silly fetch manifest chalk@^4.1.0
74 silly packumentCache full:https://registry.npmjs.org/chalk cache-hit
75 silly fetch manifest dom-accessibility-api@^0.5.9
76 silly packumentCache full:https://registry.npmjs.org/dom-accessibility-api cache-miss
77 http fetch GET 200 https://registry.npmjs.org/css.escape 345ms (cache miss)
78 silly packumentCache full:https://registry.npmjs.org/css.escape set size:undefined disposed:false
79 silly fetch manifest lz-string@^1.5.0
80 silly packumentCache full:https://registry.npmjs.org/lz-string cache-miss
81 http fetch GET 200 https://registry.npmjs.org/redent 368ms (cache miss)
82 silly packumentCache full:https://registry.npmjs.org/redent set size:undefined disposed:false
83 http fetch GET 200 https://registry.npmjs.org/@types%2faria-query 149ms (cache miss)
84 silly packumentCache full:https://registry.npmjs.org/@types%2faria-query set size:undefined disposed:false
85 http fetch GET 200 https://registry.npmjs.org/@adobe%2fcss-tools 394ms (cache miss)
86 silly packumentCache full:https://registry.npmjs.org/@adobe%2fcss-tools set size:undefined disposed:false
87 http fetch GET 200 https://registry.npmjs.org/dom-accessibility-api 414ms (cache miss)
88 silly packumentCache full:https://registry.npmjs.org/dom-accessibility-api set size:undefined disposed:false
89 http fetch GET 200 https://registry.npmjs.org/lz-string 95ms (cache miss)
90 silly packumentCache full:https://registry.npmjs.org/lz-string set size:undefined disposed:false
91 http fetch GET 200 https://registry.npmjs.org/dom-accessibility-api 138ms (cache miss)
92 silly packumentCache full:https://registry.npmjs.org/dom-accessibility-api set size:undefined disposed:false
93 http fetch GET 200 https://registry.npmjs.org/@types%2freact-dom 273ms (cache miss)
94 silly packumentCache full:https://registry.npmjs.org/@types%2freact-dom set size:undefined disposed:false
95 silly placeDep ROOT @types/aria-query@5.0.4 OK for: @testing-library/dom@10.1.0 want: ^5.0.1
96 silly placeDep node_modules/@testing-library/dom chalk@4.1.2 OK for: @testing-library/dom@10.1.0 want: ^4.1.0
97 silly placeDep ROOT dom-accessibility-api@0.5.16 OK for: @testing-library/dom@10.1.0 want: ^0.5.9
98 silly placeDep ROOT lz-string@1.5.0 OK for: @testing-library/dom@10.1.0 want: ^1.5.0
99 silly fetch manifest ansi-styles@^4.1.0
100 silly packumentCache full:https://registry.npmjs.org/ansi-styles cache-miss
101 silly fetch manifest supports-color@^7.1.0
102 silly packumentCache full:https://registry.npmjs.org/supports-color cache-miss
103 http fetch GET 200 https://registry.npmjs.org/ansi-styles 75ms (cache revalidated)
104 silly packumentCache full:https://registry.npmjs.org/ansi-styles set size:66356 disposed:false
105 http fetch GET 200 https://registry.npmjs.org/supports-color 80ms (cache revalidated)
106 silly packumentCache full:https://registry.npmjs.org/supports-color set size:113904 disposed:false
107 silly placeDep ROOT @adobe/css-tools@4.3.3 OK for: @testing-library/jest-dom@5.17.0 want: ^4.0.1
108 silly placeDep ROOT @types/testing-library__jest-dom@5.14.9 OK for: @testing-library/jest-dom@5.17.0 want: ^5.9.1
109 silly placeDep node_modules/@testing-library/jest-dom chalk@3.0.0 OK for: @testing-library/jest-dom@5.17.0 want: ^3.0.0
110 silly placeDep ROOT css.escape@1.5.1 OK for: @testing-library/jest-dom@5.17.0 want: ^1.5.1
111 silly placeDep ROOT redent@3.0.0 OK for: @testing-library/jest-dom@5.17.0 want: ^3.0.0
112 silly fetch manifest @types/jest@*
113 silly packumentCache full:https://registry.npmjs.org/@types%2fjest cache-miss
114 silly fetch manifest indent-string@^4.0.0
115 silly packumentCache full:https://registry.npmjs.org/indent-string cache-miss
116 silly fetch manifest strip-indent@^3.0.0
117 silly packumentCache full:https://registry.npmjs.org/strip-indent cache-miss
118 http fetch GET 200 https://registry.npmjs.org/strip-indent 85ms (cache miss)
119 silly packumentCache full:https://registry.npmjs.org/strip-indent set size:undefined disposed:false
120 http fetch GET 200 https://registry.npmjs.org/indent-string 93ms (cache miss)
121 silly packumentCache full:https://registry.npmjs.org/indent-string set size:undefined disposed:false
122 http fetch GET 200 https://registry.npmjs.org/@types%2fjest 128ms (cache miss)
123 silly packumentCache full:https://registry.npmjs.org/@types%2fjest set size:undefined disposed:false
124 silly placeDep node_modules/@testing-library/react @testing-library/dom@8.20.1 OK for: @testing-library/react@13.4.0 want: ^8.5.0
125 silly placeDep ROOT @types/react-dom@18.3.0 OK for: @testing-library/react@13.4.0 want: ^18.0.0
126 silly fetch manifest aria-query@5.1.3
127 silly packumentCache full:https://registry.npmjs.org/aria-query cache-miss
128 silly fetch manifest @types/react@*
129 silly packumentCache full:https://registry.npmjs.org/@types%2freact cache-miss
130 http fetch GET 200 https://registry.npmjs.org/aria-query 69ms (cache revalidated)
131 silly packumentCache full:https://registry.npmjs.org/aria-query set size:93018 disposed:false
132 http fetch GET 200 https://registry.npmjs.org/@types%2freact 157ms (cache miss)
133 silly packumentCache full:https://registry.npmjs.org/@types%2freact set size:undefined disposed:false
134 silly placeDep ROOT @types/react@18.3.2 OK for: @types/react-dom@18.3.0 want: *
135 silly fetch manifest @types/prop-types@*
136 silly packumentCache full:https://registry.npmjs.org/@types%2fprop-types cache-miss
137 silly fetch manifest csstype@^3.0.2
138 silly packumentCache full:https://registry.npmjs.org/csstype cache-miss
139 http fetch GET 200 https://registry.npmjs.org/@types%2fprop-types 62ms (cache miss)
140 silly packumentCache full:https://registry.npmjs.org/@types%2fprop-types set size:undefined disposed:false
141 http fetch GET 200 https://registry.npmjs.org/csstype 64ms (cache miss)
142 silly packumentCache full:https://registry.npmjs.org/csstype set size:undefined disposed:false
143 silly placeDep ROOT @types/prop-types@15.7.12 OK for: @types/react@18.3.2 want: *
144 silly placeDep ROOT csstype@3.1.3 OK for: @types/react@18.3.2 want: ^3.0.2
145 silly placeDep ROOT @types/jest@29.5.12 OK for: @types/testing-library__jest-dom@5.14.9 want: *
146 silly fetch manifest expect@^29.0.0
147 silly packumentCache full:https://registry.npmjs.org/expect cache-miss
148 silly fetch manifest pretty-format@^29.0.0
149 silly packumentCache full:https://registry.npmjs.org/pretty-format cache-miss
150 http fetch GET 200 https://registry.npmjs.org/expect 21ms (cache hit)
151 silly packumentCache full:https://registry.npmjs.org/expect set size:611166 disposed:false
152 http fetch GET 200 https://registry.npmjs.org/pretty-format 46ms (cache hit)
153 silly packumentCache full:https://registry.npmjs.org/pretty-format set size:1467545 disposed:false
154 silly placeDep node_modules/@types/jest expect@29.7.0 OK for: @types/jest@29.5.12 want: ^29.0.0
155 silly placeDep node_modules/@types/jest pretty-format@29.7.0 OK for: @types/jest@29.5.12 want: ^29.0.0
156 silly fetch manifest @jest/expect-utils@^29.7.0
157 silly packumentCache full:https://registry.npmjs.org/@jest%2fexpect-utils cache-miss
158 silly fetch manifest jest-get-type@^29.6.3
159 silly packumentCache full:https://registry.npmjs.org/jest-get-type cache-miss
160 silly fetch manifest jest-matcher-utils@^29.7.0
161 silly packumentCache full:https://registry.npmjs.org/jest-matcher-utils cache-miss
162 silly fetch manifest jest-message-util@^29.7.0
163 silly packumentCache full:https://registry.npmjs.org/jest-message-util cache-miss
164 silly fetch manifest jest-util@^29.7.0
165 silly packumentCache full:https://registry.npmjs.org/jest-util cache-miss
166 silly fetch manifest @jest/schemas@^29.6.3
167 silly packumentCache full:https://registry.npmjs.org/@jest%2fschemas cache-miss
168 silly fetch manifest ansi-styles@^5.0.0
169 silly packumentCache full:https://registry.npmjs.org/ansi-styles cache-hit
170 silly fetch manifest react-is@^18.0.0
171 silly packumentCache full:https://registry.npmjs.org/react-is cache-miss
172 http fetch GET 200 https://registry.npmjs.org/jest-matcher-utils 83ms (cache hit)
173 silly packumentCache full:https://registry.npmjs.org/jest-matcher-utils set size:551654 disposed:false
174 http fetch GET 200 https://registry.npmjs.org/@jest%2fschemas 108ms (cache hit)
175 silly packumentCache full:https://registry.npmjs.org/@jest%2fschemas set size:53924 disposed:false
176 http fetch GET 200 https://registry.npmjs.org/jest-get-type 129ms (cache revalidated)
177 silly packumentCache full:https://registry.npmjs.org/jest-get-type set size:196709 disposed:false
178 http fetch GET 200 https://registry.npmjs.org/jest-util 137ms (cache revalidated)
179 silly packumentCache full:https://registry.npmjs.org/jest-util set size:579559 disposed:false
180 http fetch GET 200 https://registry.npmjs.org/react-is 200ms (cache revalidated)
181 silly packumentCache full:https://registry.npmjs.org/react-is set size:7740734 disposed:false
182 http fetch GET 200 https://registry.npmjs.org/jest-message-util 296ms (cache revalidated)
183 silly packumentCache full:https://registry.npmjs.org/jest-message-util set size:482683 disposed:false
184 http fetch GET 200 https://registry.npmjs.org/@jest%2fexpect-utils 311ms (cache miss)
185 silly packumentCache full:https://registry.npmjs.org/@jest%2fexpect-utils set size:undefined disposed:false
186 silly fetch manifest typescript@^3.2.1 || ^4
187 silly packumentCache full:https://registry.npmjs.org/typescript cache-miss
188 http fetch GET 200 https://registry.npmjs.org/typescript 165ms (cache revalidated)
189 silly packumentCache full:https://registry.npmjs.org/typescript set size:22483395 disposed:false
190 silly placeDep ROOT typescript@4.9.5 REPLACE for: react-scripts@5.0.1 want: ^3.2.1 || ^4
191 silly placeDep ROOT indent-string@4.0.0 OK for: redent@3.0.0 want: ^4.0.0
192 silly placeDep ROOT strip-indent@3.0.0 OK for: redent@3.0.0 want: ^3.0.0
193 silly fetch manifest min-indent@^1.0.0
194 silly packumentCache full:https://registry.npmjs.org/min-indent cache-miss
195 http fetch GET 200 https://registry.npmjs.org/min-indent 43ms (cache miss)
196 silly packumentCache full:https://registry.npmjs.org/min-indent set size:undefined disposed:false
197 silly placeDep ROOT min-indent@1.0.1 OK for: strip-indent@3.0.0 want: ^1.0.0
198 silly placeDep node_modules/@testing-library/dom ansi-styles@4.3.0 OK for: chalk@4.1.2 want: ^4.1.0
199 silly placeDep node_modules/@testing-library/dom supports-color@7.2.0 OK for: chalk@4.1.2 want: ^7.1.0
200 silly fetch manifest color-convert@^2.0.1
201 silly packumentCache full:https://registry.npmjs.org/color-convert cache-miss
202 silly fetch manifest has-flag@^4.0.0
203 silly packumentCache full:https://registry.npmjs.org/has-flag cache-miss
204 http fetch GET 200 https://registry.npmjs.org/color-convert 39ms (cache revalidated)
205 silly packumentCache full:https://registry.npmjs.org/color-convert set size:61781 disposed:false
206 http fetch GET 200 https://registry.npmjs.org/has-flag 43ms (cache revalidated)
207 silly packumentCache full:https://registry.npmjs.org/has-flag set size:15180 disposed:false
208 silly placeDep node_modules/@testing-library/dom color-convert@2.0.1 OK for: ansi-styles@4.3.0 want: ^2.0.1
209 silly fetch manifest color-name@~1.1.4
210 silly packumentCache full:https://registry.npmjs.org/color-name cache-miss
211 http fetch GET 200 https://registry.npmjs.org/color-name 46ms (cache revalidated)
212 silly packumentCache full:https://registry.npmjs.org/color-name set size:16325 disposed:false
213 silly placeDep node_modules/@testing-library/dom color-name@1.1.4 OK for: color-convert@2.0.1 want: ~1.1.4
214 silly placeDep node_modules/@testing-library/dom has-flag@4.0.0 OK for: supports-color@7.2.0 want: ^4.0.0
215 silly placeDep node_modules/@testing-library/jest-dom ansi-styles@4.3.0 OK for: chalk@3.0.0 want: ^4.1.0
216 silly placeDep node_modules/@testing-library/jest-dom supports-color@7.2.0 OK for: chalk@3.0.0 want: ^7.1.0
217 silly placeDep node_modules/@testing-library/jest-dom color-convert@2.0.1 OK for: ansi-styles@4.3.0 want: ^2.0.1
218 silly placeDep node_modules/@testing-library/jest-dom color-name@1.1.4 OK for: color-convert@2.0.1 want: ~1.1.4
219 silly placeDep node_modules/@testing-library/jest-dom has-flag@4.0.0 OK for: supports-color@7.2.0 want: ^4.0.0
220 silly placeDep node_modules/@testing-library/react aria-query@5.1.3 OK for: @testing-library/dom@8.20.1 want: 5.1.3
221 silly placeDep node_modules/@testing-library/react chalk@4.1.2 OK for: @testing-library/dom@8.20.1 want: ^4.1.0
222 silly fetch manifest deep-equal@^2.0.5
223 silly packumentCache full:https://registry.npmjs.org/deep-equal cache-miss
224 http fetch GET 200 https://registry.npmjs.org/deep-equal 46ms (cache miss)
225 silly packumentCache full:https://registry.npmjs.org/deep-equal set size:undefined disposed:false
226 silly placeDep ROOT deep-equal@2.2.3 OK for: aria-query@5.1.3 want: ^2.0.5
227 silly fetch manifest es-get-iterator@^1.1.3
228 silly packumentCache full:https://registry.npmjs.org/es-get-iterator cache-miss
229 silly fetch manifest is-arguments@^1.1.1
230 silly packumentCache full:https://registry.npmjs.org/is-arguments cache-miss
231 silly fetch manifest object-is@^1.1.5
232 silly packumentCache full:https://registry.npmjs.org/object-is cache-miss
233 http fetch GET 200 https://registry.npmjs.org/object-is 51ms (cache miss)
234 silly packumentCache full:https://registry.npmjs.org/object-is set size:undefined disposed:false
235 http fetch GET 200 https://registry.npmjs.org/is-arguments 57ms (cache miss)
236 silly packumentCache full:https://registry.npmjs.org/is-arguments set size:undefined disposed:false
237 http fetch GET 200 https://registry.npmjs.org/es-get-iterator 61ms (cache miss)
238 silly packumentCache full:https://registry.npmjs.org/es-get-iterator set size:undefined disposed:false
239 silly placeDep ROOT es-get-iterator@1.1.3 OK for: deep-equal@2.2.3 want: ^1.1.3
240 silly placeDep ROOT is-arguments@1.1.1 OK for: deep-equal@2.2.3 want: ^1.1.1
241 silly placeDep ROOT object-is@1.1.6 OK for: deep-equal@2.2.3 want: ^1.1.5
242 silly fetch manifest stop-iteration-iterator@^1.0.0
243 silly packumentCache full:https://registry.npmjs.org/stop-iteration-iterator cache-miss
244 http fetch GET 200 https://registry.npmjs.org/stop-iteration-iterator 42ms (cache miss)
245 silly packumentCache full:https://registry.npmjs.org/stop-iteration-iterator set size:undefined disposed:false
246 silly placeDep ROOT stop-iteration-iterator@1.0.0 OK for: es-get-iterator@1.1.3 want: ^1.0.0
247 silly placeDep node_modules/@testing-library/react ansi-styles@4.3.0 OK for: chalk@4.1.2 want: ^4.1.0
248 silly placeDep node_modules/@testing-library/react supports-color@7.2.0 OK for: chalk@4.1.2 want: ^7.1.0
249 silly placeDep node_modules/@testing-library/react color-convert@2.0.1 OK for: ansi-styles@4.3.0 want: ^2.0.1
250 silly placeDep node_modules/@testing-library/react color-name@1.1.4 OK for: color-convert@2.0.1 want: ~1.1.4
251 silly placeDep node_modules/@testing-library/react has-flag@4.0.0 OK for: supports-color@7.2.0 want: ^4.0.0
252 silly placeDep ROOT @jest/expect-utils@29.7.0 OK for: expect@29.7.0 want: ^29.7.0
253 silly placeDep node_modules/@types/jest jest-get-type@29.6.3 OK for: expect@29.7.0 want: ^29.6.3
254 silly placeDep node_modules/@types/jest jest-matcher-utils@29.7.0 OK for: expect@29.7.0 want: ^29.7.0
255 silly placeDep node_modules/@types/jest jest-message-util@29.7.0 OK for: expect@29.7.0 want: ^29.7.0
256 silly placeDep node_modules/@types/jest jest-util@29.7.0 OK for: expect@29.7.0 want: ^29.7.0
257 silly fetch manifest chalk@^4.0.0
258 silly packumentCache full:https://registry.npmjs.org/chalk cache-hit
259 silly fetch manifest jest-diff@^29.7.0
260 silly packumentCache full:https://registry.npmjs.org/jest-diff cache-miss
261 silly fetch manifest @jest/types@^29.6.3
262 silly packumentCache full:https://registry.npmjs.org/@jest%2ftypes cache-miss
263 silly fetch manifest chalk@^4.0.0
264 silly packumentCache full:https://registry.npmjs.org/chalk cache-hit
265 silly fetch manifest @jest/types@^29.6.3
266 silly packumentCache full:https://registry.npmjs.org/@jest%2ftypes cache-miss
267 silly fetch manifest chalk@^4.0.0
268 silly packumentCache full:https://registry.npmjs.org/chalk cache-hit
269 http fetch GET 200 https://registry.npmjs.org/@jest%2ftypes 394ms (cache revalidated)
270 silly packumentCache full:https://registry.npmjs.org/@jest%2ftypes set size:276189 disposed:false
271 http fetch GET 200 https://registry.npmjs.org/@jest%2ftypes 401ms (cache revalidated)
272 silly packumentCache full:https://registry.npmjs.org/@jest%2ftypes set size:276189 disposed:false
273 silly packumentCache full:https://registry.npmjs.org/@jest%2ftypes dispose
274 http fetch GET 200 https://registry.npmjs.org/jest-diff 408ms (cache revalidated)
275 silly packumentCache full:https://registry.npmjs.org/jest-diff set size:1189306 disposed:false
276 silly placeDep node_modules/@jest/expect-utils jest-get-type@29.6.3 OK for: @jest/expect-utils@29.7.0 want: ^29.6.3
277 silly placeDep node_modules/@types/jest chalk@4.1.2 OK for: jest-matcher-utils@29.7.0 want: ^4.0.0
278 silly placeDep node_modules/@types/jest jest-diff@29.7.0 OK for: jest-matcher-utils@29.7.0 want: ^29.7.0
279 silly fetch manifest diff-sequences@^29.6.3
280 silly packumentCache full:https://registry.npmjs.org/diff-sequences cache-miss
281 http fetch GET 200 https://registry.npmjs.org/diff-sequences 16ms (cache hit)
282 silly packumentCache full:https://registry.npmjs.org/diff-sequences set size:672603 disposed:false
283 silly placeDep node_modules/@types/jest ansi-styles@4.3.0 OK for: chalk@4.1.2 want: ^4.1.0
284 silly placeDep node_modules/@types/jest supports-color@7.2.0 OK for: chalk@4.1.2 want: ^7.1.0
285 silly placeDep node_modules/@types/jest color-convert@2.0.1 OK for: ansi-styles@4.3.0 want: ^2.0.1
286 silly placeDep node_modules/@types/jest color-name@1.1.4 OK for: color-convert@2.0.1 want: ~1.1.4
287 silly placeDep node_modules/@types/jest diff-sequences@29.6.3 OK for: jest-diff@29.7.0 want: ^29.6.3
288 silly placeDep node_modules/@types/jest @jest/types@29.6.3 OK for: jest-message-util@29.7.0 want: ^29.6.3
289 silly fetch manifest @types/yargs@^17.0.8
290 silly packumentCache full:https://registry.npmjs.org/@types%2fyargs cache-miss
291 http fetch GET 200 https://registry.npmjs.org/@types%2fyargs 362ms (cache revalidated)
292 silly packumentCache full:https://registry.npmjs.org/@types%2fyargs set size:376595 disposed:false
293 silly placeDep node_modules/@types/jest @jest/schemas@29.6.3 OK for: @jest/types@29.6.3 want: ^29.6.3
294 silly placeDep node_modules/@types/jest @types/yargs@17.0.32 OK for: @jest/types@29.6.3 want: ^17.0.8
295 silly fetch manifest @sinclair/typebox@^0.27.8
296 silly packumentCache full:https://registry.npmjs.org/@sinclair%2ftypebox cache-miss
297 http fetch GET 200 https://registry.npmjs.org/@sinclair%2ftypebox 41ms (cache hit)
298 silly packumentCache full:https://registry.npmjs.org/@sinclair%2ftypebox set size:3492646 disposed:false
299 silly placeDep node_modules/@types/jest @sinclair/typebox@0.27.8 OK for: @jest/schemas@29.6.3 want: ^0.27.8
300 silly placeDep node_modules/@types/jest/node_modules/pretty-format ansi-styles@5.2.0 OK for: pretty-format@29.7.0 want: ^5.0.0
301 silly placeDep node_modules/@types/jest react-is@18.3.1 OK for: pretty-format@29.7.0 want: ^18.0.0
302 silly placeDep node_modules/@types/jest has-flag@4.0.0 OK for: supports-color@7.2.0 want: ^4.0.0
303 silly reify mark retired [
303 silly reify   'C:\\Users\\Udit Sharma\\Desktop\\react learn\\redux\\firstrock\\node_modules\\typescript',
303 silly reify   'C:\\Users\\Udit Sharma\\Desktop\\react learn\\redux\\firstrock\\node_modules\\.bin\\tsc',
303 silly reify   'C:\\Users\\Udit Sharma\\Desktop\\react learn\\redux\\firstrock\\node_modules\\.bin\\tsc.cmd',
303 silly reify   'C:\\Users\\Udit Sharma\\Desktop\\react learn\\redux\\firstrock\\node_modules\\.bin\\tsc.ps1',
303 silly reify   'C:\\Users\\Udit Sharma\\Desktop\\react learn\\redux\\firstrock\\node_modules\\.bin\\tsserver',
303 silly reify   'C:\\Users\\Udit Sharma\\Desktop\\react learn\\redux\\firstrock\\node_modules\\.bin\\tsserver.cmd',
303 silly reify   'C:\\Users\\Udit Sharma\\Desktop\\react learn\\redux\\firstrock\\node_modules\\.bin\\tsserver.ps1'
303 silly reify ]
304 silly reify moves {
304 silly reify   'C:\\Users\\Udit Sharma\\Desktop\\react learn\\redux\\firstrock\\node_modules\\typescript': 'C:\\Users\\Udit Sharma\\Desktop\\react learn\\redux\\firstrock\\node_modules\\.typescript-MXlNk2jC',
304 silly reify   'C:\\Users\\Udit Sharma\\Desktop\\react learn\\redux\\firstrock\\node_modules\\.bin\\tsc': 'C:\\Users\\Udit Sharma\\Desktop\\react learn\\redux\\firstrock\\node_modules\\.bin\\.tsc-mJcGpQHF',
304 silly reify   'C:\\Users\\Udit Sharma\\Desktop\\react learn\\redux\\firstrock\\node_modules\\.bin\\tsc.cmd': 'C:\\Users\\Udit Sharma\\Desktop\\react learn\\redux\\firstrock\\node_modules\\.bin\\.tsc.cmd-MXmM8SMC',
304 silly reify   'C:\\Users\\Udit Sharma\\Desktop\\react learn\\redux\\firstrock\\node_modules\\.bin\\tsc.ps1': 'C:\\Users\\Udit Sharma\\Desktop\\react learn\\redux\\firstrock\\node_modules\\.bin\\.tsc.ps1-fXtZlhAg',
304 silly reify   'C:\\Users\\Udit Sharma\\Desktop\\react learn\\redux\\firstrock\\node_modules\\.bin\\tsserver': 'C:\\Users\\Udit Sharma\\Desktop\\react learn\\redux\\firstrock\\node_modules\\.bin\\.tsserver-7rXpeoGQ',
304 silly reify   'C:\\Users\\Udit Sharma\\Desktop\\react learn\\redux\\firstrock\\node_modules\\.bin\\tsserver.cmd': 'C:\\Users\\Udit Sharma\\Desktop\\react learn\\redux\\firstrock\\node_modules\\.bin\\.tsserver.cmd-U3nao68K',
304 silly reify   'C:\\Users\\Udit Sharma\\Desktop\\react learn\\redux\\firstrock\\node_modules\\.bin\\tsserver.ps1': 'C:\\Users\\Udit Sharma\\Desktop\\react learn\\redux\\firstrock\\node_modules\\.bin\\.tsserver.ps1-UxtRvf6h'
304 silly reify }
305 verbose reify failed optional dependency C:\Users\Udit Sharma\Desktop\react learn\redux\firstrock\node_modules\fsevents
306 silly reify mark deleted [
306 silly reify   'C:\\Users\\Udit Sharma\\Desktop\\react learn\\redux\\firstrock\\node_modules\\fsevents'
306 silly reify ]
307 silly tarball no local data for stop-iteration-iterator@https://registry.npmjs.org/stop-iteration-iterator/-/stop-iteration-iterator-1.0.0.tgz. Extracting by manifest.
308 silly tarball no local data for @jest/expect-utils@https://registry.npmjs.org/@jest/expect-utils/-/expect-utils-29.7.0.tgz. Extracting by manifest.
309 silly tarball no local data for object-is@https://registry.npmjs.org/object-is/-/object-is-1.1.6.tgz. Extracting by manifest.
310 silly tarball no local data for is-arguments@https://registry.npmjs.org/is-arguments/-/is-arguments-1.1.1.tgz. Extracting by manifest.
311 silly tarball no local data for es-get-iterator@https://registry.npmjs.org/es-get-iterator/-/es-get-iterator-1.1.3.tgz. Extracting by manifest.
312 silly tarball no local data for min-indent@https://registry.npmjs.org/min-indent/-/min-indent-1.0.1.tgz. Extracting by manifest.
313 silly tarball no local data for indent-string@https://registry.npmjs.org/indent-string/-/indent-string-4.0.0.tgz. Extracting by manifest.
314 silly tarball no local data for strip-indent@https://registry.npmjs.org/strip-indent/-/strip-indent-3.0.0.tgz. Extracting by manifest.
315 silly tarball no local data for @types/jest@https://registry.npmjs.org/@types/jest/-/jest-29.5.12.tgz. Extracting by manifest.
316 silly tarball no local data for csstype@https://registry.npmjs.org/csstype/-/csstype-3.1.3.tgz. Extracting by manifest.
317 silly tarball no local data for deep-equal@https://registry.npmjs.org/deep-equal/-/deep-equal-2.2.3.tgz. Extracting by manifest.
318 silly tarball no local data for @types/react@https://registry.npmjs.org/@types/react/-/react-18.3.2.tgz. Extracting by manifest.
319 silly tarball no local data for @types/react-dom@https://registry.npmjs.org/@types/react-dom/-/react-dom-18.3.0.tgz. Extracting by manifest.
320 silly tarball no local data for @types/prop-types@https://registry.npmjs.org/@types/prop-types/-/prop-types-15.7.12.tgz. Extracting by manifest.
321 silly tarball no local data for @adobe/css-tools@https://registry.npmjs.org/@adobe/css-tools/-/css-tools-4.3.3.tgz. Extracting by manifest.
322 silly tarball no local data for lz-string@https://registry.npmjs.org/lz-string/-/lz-string-1.5.0.tgz. Extracting by manifest.
323 silly tarball no local data for @types/testing-library__jest-dom@https://registry.npmjs.org/@types/testing-library__jest-dom/-/testing-library__jest-dom-5.14.9.tgz. Extracting by manifest.
324 silly tarball no local data for dom-accessibility-api@https://registry.npmjs.org/dom-accessibility-api/-/dom-accessibility-api-0.5.16.tgz. Extracting by manifest.
325 silly tarball no local data for css.escape@https://registry.npmjs.org/css.escape/-/css.escape-1.5.1.tgz. Extracting by manifest.
326 silly tarball no local data for @types/aria-query@https://registry.npmjs.org/@types/aria-query/-/aria-query-5.0.4.tgz. Extracting by manifest.
327 silly tarball no local data for web-vitals@https://registry.npmjs.org/web-vitals/-/web-vitals-2.1.4.tgz. Extracting by manifest.
328 silly tarball no local data for typescript@https://registry.npmjs.org/typescript/-/typescript-4.9.5.tgz. Extracting by manifest.
329 silly tarball no local data for @testing-library/user-event@https://registry.npmjs.org/@testing-library/user-event/-/user-event-13.5.0.tgz. Extracting by manifest.
330 silly tarball no local data for @testing-library/jest-dom@https://registry.npmjs.org/@testing-library/jest-dom/-/jest-dom-5.17.0.tgz. Extracting by manifest.
331 silly tarball no local data for @testing-library/dom@https://registry.npmjs.org/@testing-library/dom/-/dom-10.1.0.tgz. Extracting by manifest.
332 silly tarball no local data for jest-get-type@https://registry.npmjs.org/jest-get-type/-/jest-get-type-29.6.3.tgz. Extracting by manifest.
333 silly tarball no local data for @testing-library/react@https://registry.npmjs.org/@testing-library/react/-/react-13.4.0.tgz. Extracting by manifest.
334 silly tarball no local data for @jest/schemas@https://registry.npmjs.org/@jest/schemas/-/schemas-29.6.3.tgz. Extracting by manifest.
335 silly tarball no local data for @sinclair/typebox@https://registry.npmjs.org/@sinclair/typebox/-/typebox-0.27.8.tgz. Extracting by manifest.
336 silly tarball no local data for @jest/types@https://registry.npmjs.org/@jest/types/-/types-29.6.3.tgz. Extracting by manifest.
337 silly tarball no local data for redent@https://registry.npmjs.org/redent/-/redent-3.0.0.tgz. Extracting by manifest.
338 silly tarball no local data for jest-util@https://registry.npmjs.org/jest-util/-/jest-util-29.7.0.tgz. Extracting by manifest.
339 silly tarball no local data for jest-message-util@https://registry.npmjs.org/jest-message-util/-/jest-message-util-29.7.0.tgz. Extracting by manifest.
340 silly tarball no local data for jest-get-type@https://registry.npmjs.org/jest-get-type/-/jest-get-type-29.6.3.tgz. Extracting by manifest.
341 silly tarball no local data for expect@https://registry.npmjs.org/expect/-/expect-29.7.0.tgz. Extracting by manifest.
342 silly tarball no local data for jest-diff@https://registry.npmjs.org/jest-diff/-/jest-diff-29.7.0.tgz. Extracting by manifest.
343 silly tarball no local data for pretty-format@https://registry.npmjs.org/pretty-format/-/pretty-format-29.7.0.tgz. Extracting by manifest.
344 silly tarball no local data for jest-matcher-utils@https://registry.npmjs.org/jest-matcher-utils/-/jest-matcher-utils-29.7.0.tgz. Extracting by manifest.
345 silly tarball no local data for aria-query@https://registry.npmjs.org/aria-query/-/aria-query-5.1.3.tgz. Extracting by manifest.
346 silly tarball no local data for @testing-library/dom@https://registry.npmjs.org/@testing-library/dom/-/dom-8.20.1.tgz. Extracting by manifest.
347 silly tarball no local data for diff-sequences@https://registry.npmjs.org/diff-sequences/-/diff-sequences-29.6.3.tgz. Extracting by manifest.
348 silly tarball no local data for chalk@https://registry.npmjs.org/chalk/-/chalk-3.0.0.tgz. Extracting by manifest.
349 http fetch GET 200 https://registry.npmjs.org/is-arguments/-/is-arguments-1.1.1.tgz 595ms (cache miss)
350 http fetch GET 200 https://registry.npmjs.org/stop-iteration-iterator/-/stop-iteration-iterator-1.0.0.tgz 602ms (cache miss)
351 http fetch GET 200 https://registry.npmjs.org/es-get-iterator/-/es-get-iterator-1.1.3.tgz 598ms (cache miss)
352 http fetch GET 200 https://registry.npmjs.org/@jest/expect-utils/-/expect-utils-29.7.0.tgz 615ms (cache miss)
353 http fetch GET 200 https://registry.npmjs.org/@types/aria-query/-/aria-query-5.0.4.tgz 618ms (cache miss)
354 http fetch GET 200 https://registry.npmjs.org/@types/testing-library__jest-dom/-/testing-library__jest-dom-5.14.9.tgz 627ms (cache miss)
355 http fetch GET 200 https://registry.npmjs.org/css.escape/-/css.escape-1.5.1.tgz 623ms (cache miss)
356 http fetch GET 200 https://registry.npmjs.org/object-is/-/object-is-1.1.6.tgz 783ms (cache miss)
357 http fetch GET 200 https://registry.npmjs.org/lz-string/-/lz-string-1.5.0.tgz 805ms (cache miss)
358 http fetch GET 200 https://registry.npmjs.org/min-indent/-/min-indent-1.0.1.tgz 828ms (cache miss)
359 http fetch GET 200 https://registry.npmjs.org/dom-accessibility-api/-/dom-accessibility-api-0.5.16.tgz 862ms (cache miss)
360 http fetch GET 200 https://registry.npmjs.org/web-vitals/-/web-vitals-2.1.4.tgz 884ms (cache miss)
361 http fetch GET 200 https://registry.npmjs.org/indent-string/-/indent-string-4.0.0.tgz 1232ms (cache miss)
362 http fetch GET 200 https://registry.npmjs.org/@adobe/css-tools/-/css-tools-4.3.3.tgz 1251ms (cache miss)
363 http fetch GET 200 https://registry.npmjs.org/@testing-library/jest-dom/-/jest-dom-5.17.0.tgz 1256ms (cache miss)
364 http fetch GET 200 https://registry.npmjs.org/@testing-library/user-event/-/user-event-13.5.0.tgz 1363ms (cache miss)
365 http fetch GET 200 https://registry.npmjs.org/@jest/types/-/types-29.6.3.tgz 1644ms (cache miss)
366 http fetch GET 200 https://registry.npmjs.org/jest-message-util/-/jest-message-util-29.7.0.tgz 2000ms (cache miss)
367 http fetch GET 200 https://registry.npmjs.org/jest-util/-/jest-util-29.7.0.tgz 2013ms (cache miss)
368 http fetch GET 200 https://registry.npmjs.org/@jest/schemas/-/schemas-29.6.3.tgz 2041ms (cache miss)
369 http fetch GET 200 https://registry.npmjs.org/jest-get-type/-/jest-get-type-29.6.3.tgz 2025ms (cache miss)
370 http fetch GET 200 https://registry.npmjs.org/pretty-format/-/pretty-format-29.7.0.tgz 2410ms (cache miss)
371 http fetch GET 200 https://registry.npmjs.org/expect/-/expect-29.7.0.tgz 2426ms (cache miss)
372 http fetch GET 200 https://registry.npmjs.org/@types/react-dom/-/react-dom-18.3.0.tgz 2474ms (cache miss)
373 http fetch GET 200 https://registry.npmjs.org/jest-diff/-/jest-diff-29.7.0.tgz 2435ms (cache miss)
374 http fetch GET 200 https://registry.npmjs.org/@sinclair/typebox/-/typebox-0.27.8.tgz 2518ms (cache miss)
375 http fetch GET 200 https://registry.npmjs.org/redent/-/redent-3.0.0.tgz 2785ms (cache miss)
376 http fetch GET 200 https://registry.npmjs.org/jest-matcher-utils/-/jest-matcher-utils-29.7.0.tgz 2796ms (cache miss)
377 http fetch GET 200 https://registry.npmjs.org/strip-indent/-/strip-indent-3.0.0.tgz 2872ms (cache miss)
378 http fetch GET 200 https://registry.npmjs.org/aria-query/-/aria-query-5.1.3.tgz 3299ms (cache miss)
379 http fetch GET 200 https://registry.npmjs.org/@testing-library/react/-/react-13.4.0.tgz 4077ms (cache miss)
380 http fetch GET 200 https://registry.npmjs.org/@testing-library/dom/-/dom-10.1.0.tgz 4101ms (cache miss)
381 http fetch GET 200 https://registry.npmjs.org/@types/prop-types/-/prop-types-15.7.12.tgz 4329ms (cache miss)
382 http fetch GET 200 https://registry.npmjs.org/csstype/-/csstype-3.1.3.tgz 4341ms (cache miss)
383 http fetch GET 200 https://registry.npmjs.org/chalk/-/chalk-3.0.0.tgz 4323ms (cache miss)
384 http fetch GET 200 https://registry.npmjs.org/deep-equal/-/deep-equal-2.2.3.tgz 4497ms (cache miss)
385 http fetch GET 200 https://registry.npmjs.org/jest-get-type/-/jest-get-type-29.6.3.tgz 4600ms (cache miss)
386 http fetch GET 200 https://registry.npmjs.org/@types/react/-/react-18.3.2.tgz 4629ms (cache miss)
387 http fetch GET 200 https://registry.npmjs.org/@types/jest/-/jest-29.5.12.tgz 4769ms (cache miss)
388 http fetch GET 200 https://registry.npmjs.org/diff-sequences/-/diff-sequences-29.6.3.tgz 5293ms (cache miss)
389 http fetch GET 200 https://registry.npmjs.org/@testing-library/dom/-/dom-8.20.1.tgz 6745ms (cache miss)
390 http fetch GET 200 https://registry.npmjs.org/typescript/-/typescript-4.9.5.tgz 7357ms (cache miss)
391 silly ADD node_modules/@jest/expect-utils
392 silly ADD node_modules/@jest/expect-utils/node_modules/jest-get-type
393 silly ADD node_modules/stop-iteration-iterator
394 silly ADD node_modules/object-is
395 silly ADD node_modules/is-arguments
396 silly ADD node_modules/es-get-iterator
397 silly ADD node_modules/deep-equal
398 silly ADD node_modules/min-indent
399 silly ADD node_modules/strip-indent
400 silly ADD node_modules/indent-string
401 silly ADD node_modules/@types/jest
402 silly ADD node_modules/@types/jest/node_modules/has-flag
403 silly ADD node_modules/@types/jest/node_modules/react-is
404 silly ADD node_modules/@types/jest/node_modules/@sinclair/typebox
405 silly ADD node_modules/@types/jest/node_modules/@types/yargs
406 silly ADD node_modules/@types/jest/node_modules/@jest/schemas
407 silly ADD node_modules/@types/jest/node_modules/@jest/types
408 silly ADD node_modules/@types/jest/node_modules/diff-sequences
409 silly ADD node_modules/@types/jest/node_modules/color-name
410 silly ADD node_modules/@types/jest/node_modules/color-convert
411 silly ADD node_modules/@types/jest/node_modules/supports-color
412 silly ADD node_modules/@types/jest/node_modules/ansi-styles
413 silly ADD node_modules/@types/jest/node_modules/jest-diff
414 silly ADD node_modules/@types/jest/node_modules/chalk
415 silly ADD node_modules/@types/jest/node_modules/jest-util
416 silly ADD node_modules/@types/jest/node_modules/jest-message-util
417 silly ADD node_modules/@types/jest/node_modules/jest-matcher-utils
418 silly ADD node_modules/@types/jest/node_modules/jest-get-type
419 silly ADD node_modules/@types/jest/node_modules/pretty-format
420 silly ADD node_modules/@types/jest/node_modules/pretty-format/node_modules/ansi-styles
421 silly ADD node_modules/@types/jest/node_modules/expect
422 silly ADD node_modules/csstype
423 silly ADD node_modules/@types/prop-types
424 silly ADD node_modules/@types/react
425 silly ADD node_modules/@types/react-dom
426 silly ADD node_modules/redent
427 silly ADD node_modules/css.escape
428 silly ADD node_modules/@types/testing-library__jest-dom
429 silly ADD node_modules/@adobe/css-tools
430 silly ADD node_modules/lz-string
431 silly ADD node_modules/dom-accessibility-api
432 silly ADD node_modules/@types/aria-query
433 silly ADD node_modules/web-vitals
434 silly ADD node_modules/@testing-library/dom
435 silly ADD node_modules/@testing-library/dom/node_modules/has-flag
436 silly ADD node_modules/@testing-library/dom/node_modules/color-name
437 silly ADD node_modules/@testing-library/dom/node_modules/color-convert
438 silly ADD node_modules/@testing-library/dom/node_modules/supports-color
439 silly ADD node_modules/@testing-library/dom/node_modules/ansi-styles
440 silly ADD node_modules/@testing-library/dom/node_modules/chalk
441 silly ADD node_modules/@testing-library/user-event
442 silly ADD node_modules/@testing-library/react
443 silly ADD node_modules/@testing-library/react/node_modules/has-flag
444 silly ADD node_modules/@testing-library/react/node_modules/color-name
445 silly ADD node_modules/@testing-library/react/node_modules/color-convert
446 silly ADD node_modules/@testing-library/react/node_modules/supports-color
447 silly ADD node_modules/@testing-library/react/node_modules/ansi-styles
448 silly ADD node_modules/@testing-library/react/node_modules/chalk
449 silly ADD node_modules/@testing-library/react/node_modules/aria-query
450 silly ADD node_modules/@testing-library/react/node_modules/@testing-library/dom
451 silly ADD node_modules/@testing-library/jest-dom
452 silly ADD node_modules/@testing-library/jest-dom/node_modules/has-flag
453 silly ADD node_modules/@testing-library/jest-dom/node_modules/color-name
454 silly ADD node_modules/@testing-library/jest-dom/node_modules/color-convert
455 silly ADD node_modules/@testing-library/jest-dom/node_modules/supports-color
456 silly ADD node_modules/@testing-library/jest-dom/node_modules/ansi-styles
457 silly ADD node_modules/@testing-library/jest-dom/node_modules/chalk
458 silly ADD
459 silly CHANGE node_modules/typescript
460 verbose cwd C:\Users\Udit Sharma\Desktop\react learn\redux\firstrock
461 verbose os Windows_NT 10.0.22631
462 verbose node v21.6.0
463 verbose npm  v10.8.0
464 verbose exit 0
465 info ok
